# JRE version: Java(TM) SE Runtime Environment (8.0_25-b17) (build 1.8.0_25-b17)
# Java VM: Java HotSpot(TM) 64-Bit Server VM (25.25-b02 mixed mode bsd-amd64 compressed oops)
Heap:
 PSYoungGen      total 38400K, used 27981K [0x0000000795580000, 0x0000000798400000, 0x00000007c0000000)
  eden space 30208K, 90% used [0x0000000795580000,0x00000007970535e0,0x0000000797300000)
  from space 8192K, 6% used [0x0000000797c00000,0x0000000797c80000,0x0000000798400000)
  to   space 8704K, 0% used [0x0000000797300000,0x0000000797300000,0x0000000797b80000)
 ParOldGen       total 87552K, used 6563K [0x0000000740000000, 0x0000000745580000, 0x0000000795580000)
  object space 87552K, 7% used [0x0000000740000000,0x0000000740668ca8,0x0000000745580000)
 Metaspace       used 9148K, capacity 9295K, committed 9472K, reserved 1058816K
  class space    used 951K, capacity 986K, committed 1024K, reserved 1048576K
GC Heap History (10 events):
Event: 19.428 GC heap before
{Heap before GC invocations=6 (full 0):
 PSYoungGen      total 37888K, used 34914K [0x0000000795580000, 0x0000000798880000, 0x00000007c0000000)
  eden space 32768K, 100% used [0x0000000795580000,0x0000000797580000,0x0000000797580000)
  from space 5120K, 41% used [0x0000000797600000,0x0000000797818900,0x0000000797b00000)
  to   space 9728K, 0% used [0x0000000797f00000,0x0000000797f00000,0x0000000798880000)
 ParOldGen       total 87552K, used 4892K [0x0000000740000000, 0x0000000745580000, 0x0000000795580000)
  object space 87552K, 5% used [0x0000000740000000,0x00000007404c7250,0x0000000745580000)
 Metaspace       used 9137K, capacity 9231K, committed 9472K, reserved 1058816K
  class space    used 951K, capacity 986K, committed 1024K, reserved 1048576K
Event: 19.433 GC heap after
Heap after GC invocations=6 (full 0):
 PSYoungGen      total 40448K, used 2114K [0x0000000795580000, 0x0000000798700000, 0x00000007c0000000)
  eden space 32256K, 0% used [0x0000000795580000,0x0000000795580000,0x0000000797500000)
  from space 8192K, 25% used [0x0000000797f00000,0x0000000798110900,0x0000000798700000)
  to   space 9216K, 0% used [0x0000000797500000,0x0000000797500000,0x0000000797e00000)
 ParOldGen       total 87552K, used 4900K [0x0000000740000000, 0x0000000745580000, 0x0000000795580000)
  object space 87552K, 5% used [0x0000000740000000,0x00000007404c9250,0x0000000745580000)
 Metaspace       used 9137K, capacity 9231K, committed 9472K, reserved 1058816K
  class space    used 951K, capacity 986K, committed 1024K, reserved 1048576K
}
Event: 22.860 GC heap before
{Heap before GC invocations=7 (full 0):
 PSYoungGen      total 40448K, used 34370K [0x0000000795580000, 0x0000000798700000, 0x00000007c0000000)
  eden space 32256K, 100% used [0x0000000795580000,0x0000000797500000,0x0000000797500000)
  from space 8192K, 25% used [0x0000000797f00000,0x0000000798110900,0x0000000798700000)
  to   space 9216K, 0% used [0x0000000797500000,0x0000000797500000,0x0000000797e00000)
 ParOldGen       total 87552K, used 4900K [0x0000000740000000, 0x0000000745580000, 0x0000000795580000)
  object space 87552K, 5% used [0x0000000740000000,0x00000007404c9250,0x0000000745580000)
 Metaspace       used 9137K, capacity 9231K, committed 9472K, reserved 1058816K
  class space    used 951K, capacity 986K, committed 1024K, reserved 1048576K
Event: 22.864 GC heap after
Heap after GC invocations=7 (full 0):
 PSYoungGen      total 32768K, used 544K [0x0000000795580000, 0x0000000798680000, 0x00000007c0000000)
  eden space 31744K, 0% used [0x0000000795580000,0x0000000795580000,0x0000000797480000)
  from space 1024K, 53% used [0x0000000797500000,0x0000000797588000,0x0000000797600000)
  to   space 9216K, 0% used [0x0000000797d80000,0x0000000797d80000,0x0000000798680000)
 ParOldGen       total 87552K, used 6515K [0x0000000740000000, 0x0000000745580000, 0x0000000795580000)
  object space 87552K, 7% used [0x0000000740000000,0x000000074065cca8,0x0000000745580000)
 Metaspace       used 9137K, capacity 9231K, committed 9472K, reserved 1058816K
  class space    used 951K, capacity 986K, committed 1024K, reserved 1048576K
}
Event: 26.206 GC heap before
{Heap before GC invocations=8 (full 0):
 PSYoungGen      total 32768K, used 32288K [0x0000000795580000, 0x0000000798680000, 0x00000007c0000000)
  eden space 31744K, 100% used [0x0000000795580000,0x0000000797480000,0x0000000797480000)
  from space 1024K, 53% used [0x0000000797500000,0x0000000797588000,0x0000000797600000)
  to   space 9216K, 0% used [0x0000000797d80000,0x0000000797d80000,0x0000000798680000)
 ParOldGen       total 87552K, used 6515K [0x0000000740000000, 0x0000000745580000, 0x0000000795580000)
  object space 87552K, 7% used [0x0000000740000000,0x000000074065cca8,0x0000000745580000)
 Metaspace       used 9137K, capacity 9231K, committed 9472K, reserved 1058816K
  class space    used 951K, capacity 986K, committed 1024K, reserved 1048576K
Event: 26.208 GC heap after
Heap after GC invocations=8 (full 0):
 PSYoungGen      total 39936K, used 544K [0x0000000795580000, 0x0000000798600000, 0x00000007c0000000)
  eden space 31232K, 0% used [0x0000000795580000,0x0000000795580000,0x0000000797400000)
  from space 8704K, 6% used [0x0000000797d80000,0x0000000797e08000,0x0000000798600000)
  to   space 9216K, 0% used [0x0000000797400000,0x0000000797400000,0x0000000797d00000)
 ParOldGen       total 87552K, used 6531K [0x0000000740000000, 0x0000000745580000, 0x0000000795580000)
  object space 87552K, 7% used [0x0000000740000000,0x0000000740660ca8,0x0000000745580000)
 Metaspace       used 9137K, capacity 9231K, committed 9472K, reserved 1058816K
  class space    used 951K, capacity 986K, committed 1024K, reserved 1048576K
}
Event: 29.438 GC heap before
{Heap before GC invocations=9 (full 0):
 PSYoungGen      total 39936K, used 31776K [0x0000000795580000, 0x0000000798600000, 0x00000007c0000000)
  eden space 31232K, 100% used [0x0000000795580000,0x0000000797400000,0x0000000797400000)
  from space 8704K, 6% used [0x0000000797d80000,0x0000000797e08000,0x0000000798600000)
  to   space 9216K, 0% used [0x0000000797400000,0x0000000797400000,0x0000000797d00000)
 ParOldGen       total 87552K, used 6531K [0x0000000740000000, 0x0000000745580000, 0x0000000795580000)
  object space 87552K, 7% used [0x0000000740000000,0x0000000740660ca8,0x0000000745580000)
 Metaspace       used 9143K, capacity 9295K, committed 9472K, reserved 1058816K
  class space    used 951K, capacity 986K, committed 1024K, reserved 1048576K
Event: 29.439 GC heap after
Heap after GC invocations=9 (full 0):
 PSYoungGen      total 31744K, used 544K [0x0000000795580000, 0x0000000798480000, 0x00000007c0000000)
  eden space 30720K, 0% used [0x0000000795580000,0x0000000795580000,0x0000000797380000)
  from space 1024K, 53% used [0x0000000797400000,0x0000000797488000,0x0000000797500000)
  to   space 8704K, 0% used [0x0000000797c00000,0x0000000797c00000,0x0000000798480000)
 ParOldGen       total 87552K, used 6555K [0x0000000740000000, 0x0000000745580000, 0x0000000795580000)
  object space 87552K, 7% used [0x0000000740000000,0x0000000740666ca8,0x0000000745580000)
 Metaspace       used 9143K, capacity 9295K, committed 9472K, reserved 1058816K
  class space    used 951K, capacity 986K, committed 1024K, reserved 1048576K
}
Event: 32.692 GC heap before
{Heap before GC invocations=10 (full 0):
 PSYoungGen      total 31744K, used 31264K [0x0000000795580000, 0x0000000798480000, 0x00000007c0000000)
  eden space 30720K, 100% used [0x0000000795580000,0x0000000797380000,0x0000000797380000)
  from space 1024K, 53% used [0x0000000797400000,0x0000000797488000,0x0000000797500000)
  to   space 8704K, 0% used [0x0000000797c00000,0x0000000797c00000,0x0000000798480000)
 ParOldGen       total 87552K, used 6555K [0x0000000740000000, 0x0000000745580000, 0x0000000795580000)
  object space 87552K, 7% used [0x0000000740000000,0x0000000740666ca8,0x0000000745580000)
 Metaspace       used 9147K, capacity 9295K, committed 9472K, reserved 1058816K
  class space    used 951K, capacity 986K, committed 1024K, reserved 1048576K
Event: 32.694 GC heap after
Heap after GC invocations=10 (full 0):
 PSYoungGen      total 38400K, used 512K [0x0000000795580000, 0x0000000798400000, 0x00000007c0000000)
  eden space 30208K, 0% used [0x0000000795580000,0x0000000795580000,0x0000000797300000)
  from space 8192K, 6% used [0x0000000797c00000,0x0000000797c80000,0x0000000798400000)
  to   space 8704K, 0% used [0x0000000797300000,0x0000000797300000,0x0000000797b80000)
 ParOldGen       total 87552K, used 6563K [0x0000000740000000, 0x0000000745580000, 0x0000000795580000)
  object space 87552K, 7% used [0x0000000740000000,0x0000000740668ca8,0x0000000745580000)
 Metaspace       used 9147K, capacity 9295K, committed 9472K, reserved 1058816K
  class space    used 951K, capacity 986K, committed 1024K, reserved 1048576K
}

