# JRE version: Java(TM) SE Runtime Environment (7.0_75-b13) (build 1.7.0_75-b13)
# Java VM: Java HotSpot(TM) 64-Bit Server VM (24.75-b04 mixed mode bsd-amd64 compressed oops)
Heap
 PSYoungGen      total 19456K, used 2874K [0x000000013b080000, 0x000000013c600000, 0x0000000150600000)
  eden space 16896K, 9% used [0x000000013b080000,0x000000013b20d200,0x000000013c100000)
  from space 2560K, 50% used [0x000000013c380000,0x000000013c4c1868,0x000000013c600000)
  to   space 2560K, 0% used [0x000000013c100000,0x000000013c100000,0x000000013c380000)
 ParOldGen       total 43520K, used 16K [0x0000000110600000, 0x0000000113080000, 0x000000013b080000)
  object space 43520K, 0% used [0x0000000110600000,0x0000000110604000,0x0000000113080000)
 PSPermGen       total 21504K, used 8475K [0x000000010b400000, 0x000000010c900000, 0x0000000110600000)
  object space 21504K, 39% used [0x000000010b400000,0x000000010bc46dc8,0x000000010c900000)
GC Heap History (4 events):
Event: 7.988 GC heap before
{Heap before GC invocations=1 (full 0):
 PSYoungGen      total 19456K, used 16896K [0x000000013b080000, 0x000000013c600000, 0x0000000150600000)
  eden space 16896K, 100% used [0x000000013b080000,0x000000013c100000,0x000000013c100000)
  from space 2560K, 0% used [0x000000013c380000,0x000000013c380000,0x000000013c600000)
  to   space 2560K, 0% used [0x000000013c100000,0x000000013c100000,0x000000013c380000)
 ParOldGen       total 43520K, used 0K [0x0000000110600000, 0x0000000113080000, 0x000000013b080000)
  object space 43520K, 0% used [0x0000000110600000,0x0000000110600000,0x0000000113080000)
 PSPermGen       total 21504K, used 8420K [0x000000010b400000, 0x000000010c900000, 0x0000000110600000)
  object space 21504K, 39% used [0x000000010b400000,0x000000010bc39298,0x000000010c900000)
Event: 7.993 GC heap after
Heap after GC invocations=1 (full 0):
 PSYoungGen      total 19456K, used 2073K [0x000000013b080000, 0x000000013c600000, 0x0000000150600000)
  eden space 16896K, 0% used [0x000000013b080000,0x000000013b080000,0x000000013c100000)
  from space 2560K, 80% used [0x000000013c100000,0x000000013c306560,0x000000013c380000)
  to   space 2560K, 0% used [0x000000013c380000,0x000000013c380000,0x000000013c600000)
 ParOldGen       total 43520K, used 8K [0x0000000110600000, 0x0000000113080000, 0x000000013b080000)
  object space 43520K, 0% used [0x0000000110600000,0x0000000110602000,0x0000000113080000)
 PSPermGen       total 21504K, used 8420K [0x000000010b400000, 0x000000010c900000, 0x0000000110600000)
  object space 21504K, 39% used [0x000000010b400000,0x000000010bc39298,0x000000010c900000)
}
Event: 27.262 GC heap before
{Heap before GC invocations=2 (full 0):
 PSYoungGen      total 19456K, used 18969K [0x000000013b080000, 0x000000013c600000, 0x0000000150600000)
  eden space 16896K, 100% used [0x000000013b080000,0x000000013c100000,0x000000013c100000)
  from space 2560K, 80% used [0x000000013c100000,0x000000013c306560,0x000000013c380000)
  to   space 2560K, 0% used [0x000000013c380000,0x000000013c380000,0x000000013c600000)
 ParOldGen       total 43520K, used 8K [0x0000000110600000, 0x0000000113080000, 0x000000013b080000)
  object space 43520K, 0% used [0x0000000110600000,0x0000000110602000,0x0000000113080000)
 PSPermGen       total 21504K, used 8469K [0x000000010b400000, 0x000000010c900000, 0x0000000110600000)
  object space 21504K, 39% used [0x000000010b400000,0x000000010bc45448,0x000000010c900000)
Event: 27.265 GC heap after
Heap after GC invocations=2 (full 0):
 PSYoungGen      total 19456K, used 1286K [0x000000013b080000, 0x000000013c600000, 0x0000000150600000)
  eden space 16896K, 0% used [0x000000013b080000,0x000000013b080000,0x000000013c100000)
  from space 2560K, 50% used [0x000000013c380000,0x000000013c4c1868,0x000000013c600000)
  to   space 2560K, 0% used [0x000000013c100000,0x000000013c100000,0x000000013c380000)
 ParOldGen       total 43520K, used 16K [0x0000000110600000, 0x0000000113080000, 0x000000013b080000)
  object space 43520K, 0% used [0x0000000110600000,0x0000000110604000,0x0000000113080000)
 PSPermGen       total 21504K, used 8469K [0x000000010b400000, 0x000000010c900000, 0x0000000110600000)
  object space 21504K, 39% used [0x000000010b400000,0x000000010bc45448,0x000000010c900000)
}

